<?xml version="1.0" encoding="UTF-8"?>
<!-- Generated by org.testng.reporters.JUnitReportReporter -->
<testsuite hostname="JONAS" failures="0" tests="3" name="com.amul.testng.CrossBrowserTesting" time="141.589" errors="0" timestamp="2022-11-04T12:07:14 IST" skipped="0">
  <testcase classname="com.amul.testng.CrossBrowserTesting" name="verifyTitle" time="31.959"/>
  <system-out/>
  <testcase classname="com.amul.testng.CrossBrowserTesting" name="verifyTitle" time="88.334"/>
  <system-out/>
  <testcase classname="com.amul.testng.CrossBrowserTesting" name="verifyTitle" time="21.296"/>
  <system-out/>
</testsuite> <!-- com.amul.testng.CrossBrowserTesting -->
