<?xml version="1.0" encoding="UTF-8"?>
<!-- Generated by org.testng.reporters.JUnitReportReporter -->
<testsuite hostname="JONAS" failures="0" tests="2" name="com.amul.SeliniumP.DataProviderP" time="30.429" errors="0" timestamp="2022-10-07T12:05:35 IST" skipped="0">
  <testcase classname="com.amul.SeliniumP.DataProviderP" name="dataReciver" time="16.140"/>
  <system-out/>
  <testcase classname="com.amul.SeliniumP.DataProviderP" name="dataReciver" time="14.289"/>
  <system-out/>
</testsuite> <!-- com.amul.SeliniumP.DataProviderP -->
