<?xml version="1.0" encoding="UTF-8"?>
<!-- Generated by org.testng.reporters.JUnitReportReporter -->
<testsuite hostname="JONAS" failures="0" tests="4" name="com.amul.testng.DataProviderConcepts" time="0.019" errors="0" timestamp="2022-11-03T20:46:45 IST" skipped="0">
  <testcase classname="com.amul.testng.DataProviderConcepts" name="dataReceiver" time="0.011"/>
  <system-out/>
  <testcase classname="com.amul.testng.DataProviderConcepts" name="dataReceiver" time="0.002"/>
  <system-out/>
  <testcase classname="com.amul.testng.DataProviderConcepts" name="dataReceiver" time="0.004"/>
  <system-out/>
  <testcase classname="com.amul.testng.DataProviderConcepts" name="dataReceiver" time="0.002"/>
  <system-out/>
</testsuite> <!-- com.amul.testng.DataProviderConcepts -->
