<?xml version="1.0" encoding="UTF-8"?>
<!-- Generated by org.testng.reporters.JUnitReportReporter -->
<testsuite hostname="JONAS" failures="0" tests="1" name="com.amul.seliniumrough.ExcellExperiments" time="3.835" errors="0" timestamp="2022-10-07T18:46:23 IST" skipped="0">
  <testcase classname="com.amul.seliniumrough.ExcellExperiments" name="readData" time="3.835"/>
  <system-out/>
</testsuite> <!-- com.amul.seliniumrough.ExcellExperiments -->
