<?xml version="1.0" encoding="UTF-8"?>
<!-- Generated by org.testng.reporters.JUnitReportReporter -->
<testsuite hostname="JONAS" failures="0" tests="2" name="com.amul.testng.TestNGNotes" time="0.016" errors="0" timestamp="2022-11-03T19:31:00 IST" skipped="1">
  <testcase classname="com.amul.testng.TestNGNotes" name="test2" time="0.016"/>
  <system-out/>
  <testcase classname="com.amul.testng.TestNGNotes" name="m1">
    <skipped/>
  </testcase> <!-- m1 -->
  <system-out/>
</testsuite> <!-- com.amul.testng.TestNGNotes -->
