<?xml version="1.0" encoding="UTF-8"?>
<!-- Generated by org.testng.reporters.JUnitReportReporter -->
<testsuite hostname="JONAS" failures="0" tests="1" name="com.amul.seliniumrough.DataDrivenTesting" time="2.485" errors="0" timestamp="2022-10-06T14:43:56 IST" skipped="0">
  <testcase classname="com.amul.seliniumrough.DataDrivenTesting" name="dataReading" time="2.485"/>
  <system-out/>
</testsuite> <!-- com.amul.seliniumrough.DataDrivenTesting -->
