<?xml version="1.0" encoding="UTF-8"?>
<!-- Generated by org.testng.reporters.JUnitReportReporter -->
<testsuite hostname="JONAS" failures="0" tests="2" name="com.amul.testng.RoughNotes" time="0.013" errors="0" timestamp="2022-11-03T10:23:58 IST" skipped="0">
  <testcase classname="com.amul.testng.RoughNotes" name="test1" time="0.010"/>
  <system-out/>
  <testcase classname="com.amul.testng.RoughNotes" name="test1" time="0.003"/>
  <system-out/>
</testsuite> <!-- com.amul.testng.RoughNotes -->
