<?xml version="1.0" encoding="UTF-8"?>
<!-- Generated by org.testng.reporters.JUnitReportReporter -->
<testsuite hostname="JONAS" failures="0" tests="1" name="com.amul.SeliniumP.ParametersTestng" time="0.010" errors="0" timestamp="2022-10-07T11:37:15 IST" skipped="0">
  <testcase classname="com.amul.SeliniumP.ParametersTestng" name="printParams" time="0.010"/>
  <system-out/>
</testsuite> <!-- com.amul.SeliniumP.ParametersTestng -->
