<?xml version="1.0" encoding="UTF-8"?>
<!-- Generated by org.testng.reporters.JUnitReportReporter -->
<testsuite hostname="JONAS" failures="0" tests="1" name="com.amul.testng.GroupsConcept" time="0.014" errors="0" timestamp="2022-11-03T19:45:07 IST" skipped="0">
  <testcase classname="com.amul.testng.GroupsConcept" name="t4" time="0.014"/>
  <system-out/>
</testsuite> <!-- com.amul.testng.GroupsConcept -->
