<?xml version="1.0" encoding="UTF-8"?>
<!-- Generated by org.testng.reporters.JUnitReportReporter -->
<testsuite hostname="JONAS" failures="0" tests="1" name="com.amul.SeliniumP.FaceBookLoginPageTest" time="8.723" errors="0" timestamp="2022-09-30T14:52:26 IST" skipped="0">
  <testcase classname="com.amul.SeliniumP.FaceBookLoginPageTest" name="loginTest" time="8.723"/>
  <system-out/>
</testsuite> <!-- com.amul.SeliniumP.FaceBookLoginPageTest -->
